2020-10-08 12:16:10.129  INFO 4708 --- [restartedMain] com.java.ElkExampleApplication           : Starting ElkExampleApplication on DESKTOP-BJ9VL2A with PID 4708 (D:\sts_workSpace\ELKExample\target\classes started by sunil in D:\sts_workSpace\ELKExample)
2020-10-08 12:16:10.131  INFO 4708 --- [restartedMain] com.java.ElkExampleApplication           : No active profile set, falling back to default profiles: default
2020-10-08 12:16:10.870  INFO 4708 --- [restartedMain] o.s.b.w.embedded.tomcat.TomcatWebServer  : Tomcat initialized with port(s): 8081 (http)
2020-10-08 12:16:10.874  INFO 4708 --- [restartedMain] o.apache.catalina.core.StandardService   : Starting service [Tomcat]
2020-10-08 12:16:10.875  INFO 4708 --- [restartedMain] org.apache.catalina.core.StandardEngine  : Starting Servlet engine: [Apache Tomcat/9.0.38]
2020-10-08 12:16:10.944  INFO 4708 --- [restartedMain] o.a.c.c.C.[Tomcat].[localhost].[/]       : Initializing Spring embedded WebApplicationContext
2020-10-08 12:16:10.945  INFO 4708 --- [restartedMain] w.s.c.ServletWebServerApplicationContext : Root WebApplicationContext: initialization completed in 802 ms
2020-10-08 12:16:11.097  INFO 4708 --- [restartedMain] o.s.s.concurrent.ThreadPoolTaskExecutor  : Initializing ExecutorService 'applicationTaskExecutor'
2020-10-08 12:16:11.242  INFO 4708 --- [restartedMain] o.s.b.d.a.OptionalLiveReloadServer       : LiveReload server is running on port 35729
2020-10-08 12:16:11.288  INFO 4708 --- [restartedMain] o.s.b.w.embedded.tomcat.TomcatWebServer  : Tomcat started on port(s): 8081 (http) with context path ''
2020-10-08 12:16:11.303  INFO 4708 --- [restartedMain] com.java.ElkExampleApplication           : Started ElkExampleApplication in 1.559 seconds (JVM running for 64.343)
2020-10-08 12:16:11.310  INFO 4708 --- [restartedMain] .ConditionEvaluationDeltaLoggingListener : Condition evaluation unchanged
2020-10-08 12:16:13.852  INFO 4708 --- [Thread-8] o.s.s.concurrent.ThreadPoolTaskExecutor  : Shutting down ExecutorService 'applicationTaskExecutor'
2020-10-08 12:16:14.076  INFO 4708 --- [restartedMain] com.java.ElkExampleApplication           : Starting ElkExampleApplication on DESKTOP-BJ9VL2A with PID 4708 (D:\sts_workSpace\ELKExample\target\classes started by sunil in D:\sts_workSpace\ELKExample)
2020-10-08 12:16:14.078  INFO 4708 --- [restartedMain] com.java.ElkExampleApplication           : No active profile set, falling back to default profiles: default
2020-10-08 12:16:14.573  INFO 4708 --- [restartedMain] o.s.b.w.embedded.tomcat.TomcatWebServer  : Tomcat initialized with port(s): 8081 (http)
2020-10-08 12:16:14.575  INFO 4708 --- [restartedMain] o.apache.catalina.core.StandardService   : Starting service [Tomcat]
2020-10-08 12:16:14.575  INFO 4708 --- [restartedMain] org.apache.catalina.core.StandardEngine  : Starting Servlet engine: [Apache Tomcat/9.0.38]
2020-10-08 12:16:14.629  INFO 4708 --- [restartedMain] o.a.c.c.C.[Tomcat].[localhost].[/]       : Initializing Spring embedded WebApplicationContext
2020-10-08 12:16:14.629  INFO 4708 --- [restartedMain] w.s.c.ServletWebServerApplicationContext : Root WebApplicationContext: initialization completed in 541 ms
2020-10-08 12:16:14.732  INFO 4708 --- [restartedMain] o.s.s.concurrent.ThreadPoolTaskExecutor  : Initializing ExecutorService 'applicationTaskExecutor'
2020-10-08 12:16:14.843  INFO 4708 --- [restartedMain] o.s.b.d.a.OptionalLiveReloadServer       : LiveReload server is running on port 35729
2020-10-08 12:16:14.877  INFO 4708 --- [restartedMain] o.s.b.w.embedded.tomcat.TomcatWebServer  : Tomcat started on port(s): 8081 (http) with context path ''
2020-10-08 12:16:14.889  INFO 4708 --- [restartedMain] com.java.ElkExampleApplication           : Started ElkExampleApplication in 0.908 seconds (JVM running for 67.93)
2020-10-08 12:16:14.893  INFO 4708 --- [restartedMain] .ConditionEvaluationDeltaLoggingListener : Condition evaluation unchanged
2020-10-08 12:16:28.248  INFO 4708 --- [http-nio-8081-exec-1] o.a.c.c.C.[Tomcat].[localhost].[/]       : Initializing Spring DispatcherServlet 'dispatcherServlet'
2020-10-08 12:16:28.249  INFO 4708 --- [http-nio-8081-exec-1] o.s.web.servlet.DispatcherServlet        : Initializing Servlet 'dispatcherServlet'
2020-10-08 12:16:28.256  INFO 4708 --- [http-nio-8081-exec-1] o.s.web.servlet.DispatcherServlet        : Completed initialization in 7 ms
2020-10-08 12:49:19.678  INFO 4708 --- [Thread-13] o.s.s.concurrent.ThreadPoolTaskExecutor  : Shutting down ExecutorService 'applicationTaskExecutor'
2020-10-08 12:49:19.933  INFO 4708 --- [restartedMain] com.java.ElkExampleApplication           : Starting ElkExampleApplication on DESKTOP-BJ9VL2A with PID 4708 (D:\sts_workSpace\ELKExample\target\classes started by sunil in D:\sts_workSpace\ELKExample)
2020-10-08 12:49:19.933  INFO 4708 --- [restartedMain] com.java.ElkExampleApplication           : No active profile set, falling back to default profiles: default
2020-10-08 12:49:20.264  INFO 4708 --- [restartedMain] o.s.b.w.embedded.tomcat.TomcatWebServer  : Tomcat initialized with port(s): 8081 (http)
2020-10-08 12:49:20.265  INFO 4708 --- [restartedMain] o.apache.catalina.core.StandardService   : Starting service [Tomcat]
2020-10-08 12:49:20.265  INFO 4708 --- [restartedMain] org.apache.catalina.core.StandardEngine  : Starting Servlet engine: [Apache Tomcat/9.0.38]
2020-10-08 12:49:20.289  INFO 4708 --- [restartedMain] o.a.c.c.C.[Tomcat].[localhost].[/]       : Initializing Spring embedded WebApplicationContext
2020-10-08 12:49:20.290  INFO 4708 --- [restartedMain] w.s.c.ServletWebServerApplicationContext : Root WebApplicationContext: initialization completed in 348 ms
2020-10-08 12:49:20.360  INFO 4708 --- [restartedMain] o.s.s.concurrent.ThreadPoolTaskExecutor  : Initializing ExecutorService 'applicationTaskExecutor'
2020-10-08 12:49:20.485  INFO 4708 --- [restartedMain] o.s.b.d.a.OptionalLiveReloadServer       : LiveReload server is running on port 35729
2020-10-08 12:49:20.502  INFO 4708 --- [restartedMain] o.s.b.w.embedded.tomcat.TomcatWebServer  : Tomcat started on port(s): 8081 (http) with context path ''
2020-10-08 12:49:20.507  INFO 4708 --- [restartedMain] com.java.ElkExampleApplication           : Started ElkExampleApplication in 0.766 seconds (JVM running for 2053.552)
2020-10-08 12:49:20.511  INFO 4708 --- [restartedMain] .ConditionEvaluationDeltaLoggingListener : Condition evaluation unchanged
2020-10-08 12:49:25.304  INFO 4708 --- [http-nio-8081-exec-1] o.a.c.c.C.[Tomcat].[localhost].[/]       : Initializing Spring DispatcherServlet 'dispatcherServlet'
2020-10-08 12:49:25.304  INFO 4708 --- [http-nio-8081-exec-1] o.s.web.servlet.DispatcherServlet        : Initializing Servlet 'dispatcherServlet'
2020-10-08 12:49:25.307  INFO 4708 --- [http-nio-8081-exec-1] o.s.web.servlet.DispatcherServlet        : Completed initialization in 2 ms
2020-10-08 12:49:25.319  INFO 4708 --- [http-nio-8081-exec-1] com.java.ElkExampleApplication           : user found {}User(id=1, name=ram)
2020-10-08 12:56:37.299  INFO 4708 --- [Thread-18] o.s.s.concurrent.ThreadPoolTaskExecutor  : Shutting down ExecutorService 'applicationTaskExecutor'
2020-10-08 12:56:37.444  INFO 4708 --- [restartedMain] com.java.ElkExampleApplication           : Starting ElkExampleApplication on DESKTOP-BJ9VL2A with PID 4708 (D:\sts_workSpace\ELKExample\target\classes started by sunil in D:\sts_workSpace\ELKExample)
2020-10-08 12:56:37.444  INFO 4708 --- [restartedMain] com.java.ElkExampleApplication           : No active profile set, falling back to default profiles: default
2020-10-08 12:56:37.681  INFO 4708 --- [restartedMain] o.s.b.w.embedded.tomcat.TomcatWebServer  : Tomcat initialized with port(s): 8081 (http)
2020-10-08 12:56:37.683  INFO 4708 --- [restartedMain] o.apache.catalina.core.StandardService   : Starting service [Tomcat]
2020-10-08 12:56:37.683  INFO 4708 --- [restartedMain] org.apache.catalina.core.StandardEngine  : Starting Servlet engine: [Apache Tomcat/9.0.38]
2020-10-08 12:56:37.698  INFO 4708 --- [restartedMain] o.a.c.c.C.[Tomcat].[localhost].[/]       : Initializing Spring embedded WebApplicationContext
2020-10-08 12:56:37.698  INFO 4708 --- [restartedMain] w.s.c.ServletWebServerApplicationContext : Root WebApplicationContext: initialization completed in 250 ms
2020-10-08 12:56:37.742  INFO 4708 --- [restartedMain] o.s.s.concurrent.ThreadPoolTaskExecutor  : Initializing ExecutorService 'applicationTaskExecutor'
2020-10-08 12:56:37.781  INFO 4708 --- [restartedMain] o.s.b.d.a.OptionalLiveReloadServer       : LiveReload server is running on port 35729
2020-10-08 12:56:37.796  INFO 4708 --- [restartedMain] o.s.b.w.embedded.tomcat.TomcatWebServer  : Tomcat started on port(s): 8081 (http) with context path ''
2020-10-08 12:56:37.802  INFO 4708 --- [restartedMain] com.java.ElkExampleApplication           : Started ElkExampleApplication in 0.402 seconds (JVM running for 2490.847)
2020-10-08 12:56:45.324  INFO 4708 --- [Thread-23] o.s.s.concurrent.ThreadPoolTaskExecutor  : Shutting down ExecutorService 'applicationTaskExecutor'
